CRITICAL - 2023-01-12 01:45:00 --> Undefined variable $maleta
in APPPATH\Controllers\Home.php on line 113.
 1 APPPATH\Controllers\Home.php(113): CodeIgniter\Debug\Exceptions->errorHandler(2, 'Undefined variable $maleta', 'APPPATH\\Controllers\\Home.php', 113)
 2 SYSTEMPATH\CodeIgniter.php(927): App\Controllers\Home->nuevoMensaje()
 3 SYSTEMPATH\CodeIgniter.php(482): CodeIgniter\CodeIgniter->runController(Object(App\Controllers\Home))
 4 SYSTEMPATH\CodeIgniter.php(351): CodeIgniter\CodeIgniter->handleRequest(null, Object(Config\Cache), false)
 5 FCPATH\index.php(67): CodeIgniter\CodeIgniter->run()
ERROR - 2023-01-12 01:45:19 --> mysqli_sql_exception: You have an error in your SQL syntax; check the manual that corresponds to your MariaDB server version for the right syntax to use near ''1')' at line 1 in C:\xampp\htdocs\terceraMano\system\Database\MySQLi\Connection.php:292
Stack trace:
#0 C:\xampp\htdocs\terceraMano\system\Database\MySQLi\Connection.php(292): mysqli->query('INSERT into men...', 0)
#1 C:\xampp\htdocs\terceraMano\system\Database\BaseConnection.php(666): CodeIgniter\Database\MySQLi\Connection->execute('INSERT into men...')
#2 C:\xampp\htdocs\terceraMano\system\Database\BaseConnection.php(593): CodeIgniter\Database\BaseConnection->simpleQuery('INSERT into men...')
#3 C:\xampp\htdocs\terceraMano\app\Models\modelo.php(90): CodeIgniter\Database\BaseConnection->query('INSERT into men...')
#4 C:\xampp\htdocs\terceraMano\app\Controllers\Home.php(113): App\Models\Modelo->enviarMensaje('2', NULL, '1')
#5 C:\xampp\htdocs\terceraMano\system\CodeIgniter.php(927): App\Controllers\Home->nuevoMensaje()
#6 C:\xampp\htdocs\terceraMano\system\CodeIgniter.php(482): CodeIgniter\CodeIgniter->runController(Object(App\Controllers\Home))
#7 C:\xampp\htdocs\terceraMano\system\CodeIgniter.php(351): CodeIgniter\CodeIgniter->handleRequest(NULL, Object(Config\Cache), false)
#8 C:\xampp\htdocs\terceraMano\public\index.php(67): CodeIgniter\CodeIgniter->run()
#9 {main}
CRITICAL - 2023-01-12 01:45:19 --> You have an error in your SQL syntax; check the manual that corresponds to your MariaDB server version for the right syntax to use near ''1')' at line 1
in SYSTEMPATH\Database\MySQLi\Connection.php on line 292.
 1 SYSTEMPATH\Database\MySQLi\Connection.php(292): mysqli->query('INSERT into mensajes (cod_usuario,cod_articulo,mensaje) values (2,,\'1\');', 0)
 2 SYSTEMPATH\Database\BaseConnection.php(666): CodeIgniter\Database\MySQLi\Connection->execute('INSERT into mensajes (cod_usuario,cod_articulo,mensaje) values (2,,\'1\');')
 3 SYSTEMPATH\Database\BaseConnection.php(593): CodeIgniter\Database\BaseConnection->simpleQuery('INSERT into mensajes (cod_usuario,cod_articulo,mensaje) values (2,,\'1\');')
 4 APPPATH\Models\modelo.php(90): CodeIgniter\Database\BaseConnection->query('INSERT into mensajes (cod_usuario,cod_articulo,mensaje) values (2,,\'1\');')
 5 APPPATH\Controllers\Home.php(113): App\Models\Modelo->enviarMensaje('2', null, '1')
 6 SYSTEMPATH\CodeIgniter.php(927): App\Controllers\Home->nuevoMensaje()
 7 SYSTEMPATH\CodeIgniter.php(482): CodeIgniter\CodeIgniter->runController(Object(App\Controllers\Home))
 8 SYSTEMPATH\CodeIgniter.php(351): CodeIgniter\CodeIgniter->handleRequest(null, Object(Config\Cache), false)
 9 FCPATH\index.php(67): CodeIgniter\CodeIgniter->run()
ERROR - 2023-01-12 01:47:38 --> mysqli_sql_exception: You have an error in your SQL syntax; check the manual that corresponds to your MariaDB server version for the right syntax to use near ''1')' at line 1 in C:\xampp\htdocs\terceraMano\system\Database\MySQLi\Connection.php:292
Stack trace:
#0 C:\xampp\htdocs\terceraMano\system\Database\MySQLi\Connection.php(292): mysqli->query('INSERT into men...', 0)
#1 C:\xampp\htdocs\terceraMano\system\Database\BaseConnection.php(666): CodeIgniter\Database\MySQLi\Connection->execute('INSERT into men...')
#2 C:\xampp\htdocs\terceraMano\system\Database\BaseConnection.php(593): CodeIgniter\Database\BaseConnection->simpleQuery('INSERT into men...')
#3 C:\xampp\htdocs\terceraMano\app\Models\modelo.php(90): CodeIgniter\Database\BaseConnection->query('INSERT into men...')
#4 C:\xampp\htdocs\terceraMano\app\Controllers\Home.php(113): App\Models\Modelo->enviarMensaje('2', NULL, '1')
#5 C:\xampp\htdocs\terceraMano\system\CodeIgniter.php(927): App\Controllers\Home->nuevoMensaje()
#6 C:\xampp\htdocs\terceraMano\system\CodeIgniter.php(482): CodeIgniter\CodeIgniter->runController(Object(App\Controllers\Home))
#7 C:\xampp\htdocs\terceraMano\system\CodeIgniter.php(351): CodeIgniter\CodeIgniter->handleRequest(NULL, Object(Config\Cache), false)
#8 C:\xampp\htdocs\terceraMano\public\index.php(67): CodeIgniter\CodeIgniter->run()
#9 {main}
CRITICAL - 2023-01-12 01:47:38 --> You have an error in your SQL syntax; check the manual that corresponds to your MariaDB server version for the right syntax to use near ''1')' at line 1
in SYSTEMPATH\Database\MySQLi\Connection.php on line 292.
 1 SYSTEMPATH\Database\MySQLi\Connection.php(292): mysqli->query('INSERT into mensajes (cod_usuario,cod_articulo,mensaje) values (2,,\'1\');', 0)
 2 SYSTEMPATH\Database\BaseConnection.php(666): CodeIgniter\Database\MySQLi\Connection->execute('INSERT into mensajes (cod_usuario,cod_articulo,mensaje) values (2,,\'1\');')
 3 SYSTEMPATH\Database\BaseConnection.php(593): CodeIgniter\Database\BaseConnection->simpleQuery('INSERT into mensajes (cod_usuario,cod_articulo,mensaje) values (2,,\'1\');')
 4 APPPATH\Models\modelo.php(90): CodeIgniter\Database\BaseConnection->query('INSERT into mensajes (cod_usuario,cod_articulo,mensaje) values (2,,\'1\');')
 5 APPPATH\Controllers\Home.php(113): App\Models\Modelo->enviarMensaje('2', null, '1')
 6 SYSTEMPATH\CodeIgniter.php(927): App\Controllers\Home->nuevoMensaje()
 7 SYSTEMPATH\CodeIgniter.php(482): CodeIgniter\CodeIgniter->runController(Object(App\Controllers\Home))
 8 SYSTEMPATH\CodeIgniter.php(351): CodeIgniter\CodeIgniter->handleRequest(null, Object(Config\Cache), false)
 9 FCPATH\index.php(67): CodeIgniter\CodeIgniter->run()
ERROR - 2023-01-12 01:48:12 --> mysqli_sql_exception: Cannot add or update a child row: a foreign key constraint fails (`tercera_mano`.`mensajes`, CONSTRAINT `mensajes_ibfk_2` FOREIGN KEY (`cod_articulo`) REFERENCES `articulos` (`codigo_articulo`) ON DELETE CASCADE ON UPDATE CASCADE) in C:\xampp\htdocs\terceraMano\system\Database\MySQLi\Connection.php:292
Stack trace:
#0 C:\xampp\htdocs\terceraMano\system\Database\MySQLi\Connection.php(292): mysqli->query('INSERT into men...', 0)
#1 C:\xampp\htdocs\terceraMano\system\Database\BaseConnection.php(666): CodeIgniter\Database\MySQLi\Connection->execute('INSERT into men...')
#2 C:\xampp\htdocs\terceraMano\system\Database\BaseConnection.php(593): CodeIgniter\Database\BaseConnection->simpleQuery('INSERT into men...')
#3 C:\xampp\htdocs\terceraMano\app\Models\modelo.php(90): CodeIgniter\Database\BaseConnection->query('INSERT into men...')
#4 C:\xampp\htdocs\terceraMano\app\Controllers\Home.php(113): App\Models\Modelo->enviarMensaje('2', NULL, '1')
#5 C:\xampp\htdocs\terceraMano\system\CodeIgniter.php(927): App\Controllers\Home->nuevoMensaje()
#6 C:\xampp\htdocs\terceraMano\system\CodeIgniter.php(482): CodeIgniter\CodeIgniter->runController(Object(App\Controllers\Home))
#7 C:\xampp\htdocs\terceraMano\system\CodeIgniter.php(351): CodeIgniter\CodeIgniter->handleRequest(NULL, Object(Config\Cache), false)
#8 C:\xampp\htdocs\terceraMano\public\index.php(67): CodeIgniter\CodeIgniter->run()
#9 {main}
CRITICAL - 2023-01-12 01:48:12 --> Cannot add or update a child row: a foreign key constraint fails (`tercera_mano`.`mensajes`, CONSTRAINT `mensajes_ibfk_2` FOREIGN KEY (`cod_articulo`) REFERENCES `articulos` (`codigo_articulo`) ON DELETE CASCADE ON UPDATE CASCADE)
in SYSTEMPATH\Database\MySQLi\Connection.php on line 292.
 1 SYSTEMPATH\Database\MySQLi\Connection.php(292): mysqli->query('INSERT into mensajes(cod_usuario,cod_articulo,mensaje) values (\'2\',\'\',\'1\');', 0)
 2 SYSTEMPATH\Database\BaseConnection.php(666): CodeIgniter\Database\MySQLi\Connection->execute('INSERT into mensajes(cod_usuario,cod_articulo,mensaje) values (\'2\',\'\',\'1\');')
 3 SYSTEMPATH\Database\BaseConnection.php(593): CodeIgniter\Database\BaseConnection->simpleQuery('INSERT into mensajes(cod_usuario,cod_articulo,mensaje) values (\'2\',\'\',\'1\');')
 4 APPPATH\Models\modelo.php(90): CodeIgniter\Database\BaseConnection->query('INSERT into mensajes(cod_usuario,cod_articulo,mensaje) values (\'2\',\'\',\'1\');')
 5 APPPATH\Controllers\Home.php(113): App\Models\Modelo->enviarMensaje('2', null, '1')
 6 SYSTEMPATH\CodeIgniter.php(927): App\Controllers\Home->nuevoMensaje()
 7 SYSTEMPATH\CodeIgniter.php(482): CodeIgniter\CodeIgniter->runController(Object(App\Controllers\Home))
 8 SYSTEMPATH\CodeIgniter.php(351): CodeIgniter\CodeIgniter->handleRequest(null, Object(Config\Cache), false)
 9 FCPATH\index.php(67): CodeIgniter\CodeIgniter->run()
ERROR - 2023-01-12 01:48:42 --> mysqli_sql_exception: You have an error in your SQL syntax; check the manual that corresponds to your MariaDB server version for the right syntax to use near ''1')' at line 1 in C:\xampp\htdocs\terceraMano\system\Database\MySQLi\Connection.php:292
Stack trace:
#0 C:\xampp\htdocs\terceraMano\system\Database\MySQLi\Connection.php(292): mysqli->query('INSERT into men...', 0)
#1 C:\xampp\htdocs\terceraMano\system\Database\BaseConnection.php(666): CodeIgniter\Database\MySQLi\Connection->execute('INSERT into men...')
#2 C:\xampp\htdocs\terceraMano\system\Database\BaseConnection.php(593): CodeIgniter\Database\BaseConnection->simpleQuery('INSERT into men...')
#3 C:\xampp\htdocs\terceraMano\app\Models\modelo.php(90): CodeIgniter\Database\BaseConnection->query('INSERT into men...')
#4 C:\xampp\htdocs\terceraMano\app\Controllers\Home.php(113): App\Models\Modelo->enviarMensaje('2', NULL, '1')
#5 C:\xampp\htdocs\terceraMano\system\CodeIgniter.php(927): App\Controllers\Home->nuevoMensaje()
#6 C:\xampp\htdocs\terceraMano\system\CodeIgniter.php(482): CodeIgniter\CodeIgniter->runController(Object(App\Controllers\Home))
#7 C:\xampp\htdocs\terceraMano\system\CodeIgniter.php(351): CodeIgniter\CodeIgniter->handleRequest(NULL, Object(Config\Cache), false)
#8 C:\xampp\htdocs\terceraMano\public\index.php(67): CodeIgniter\CodeIgniter->run()
#9 {main}
CRITICAL - 2023-01-12 01:48:42 --> You have an error in your SQL syntax; check the manual that corresponds to your MariaDB server version for the right syntax to use near ''1')' at line 1
in SYSTEMPATH\Database\MySQLi\Connection.php on line 292.
 1 SYSTEMPATH\Database\MySQLi\Connection.php(292): mysqli->query('INSERT into mensajes(cod_usuario,cod_articulo,mensaje) values (2,,\'1\');', 0)
 2 SYSTEMPATH\Database\BaseConnection.php(666): CodeIgniter\Database\MySQLi\Connection->execute('INSERT into mensajes(cod_usuario,cod_articulo,mensaje) values (2,,\'1\');')
 3 SYSTEMPATH\Database\BaseConnection.php(593): CodeIgniter\Database\BaseConnection->simpleQuery('INSERT into mensajes(cod_usuario,cod_articulo,mensaje) values (2,,\'1\');')
 4 APPPATH\Models\modelo.php(90): CodeIgniter\Database\BaseConnection->query('INSERT into mensajes(cod_usuario,cod_articulo,mensaje) values (2,,\'1\');')
 5 APPPATH\Controllers\Home.php(113): App\Models\Modelo->enviarMensaje('2', null, '1')
 6 SYSTEMPATH\CodeIgniter.php(927): App\Controllers\Home->nuevoMensaje()
 7 SYSTEMPATH\CodeIgniter.php(482): CodeIgniter\CodeIgniter->runController(Object(App\Controllers\Home))
 8 SYSTEMPATH\CodeIgniter.php(351): CodeIgniter\CodeIgniter->handleRequest(null, Object(Config\Cache), false)
 9 FCPATH\index.php(67): CodeIgniter\CodeIgniter->run()
ERROR - 2023-01-12 02:17:03 --> mysqli_sql_exception: Table 'tercera_mano.usuario' doesn't exist in C:\xampp\htdocs\terceraMano\system\Database\MySQLi\Connection.php:292
Stack trace:
#0 C:\xampp\htdocs\terceraMano\system\Database\MySQLi\Connection.php(292): mysqli->query('SELECT u.usuari...', 0)
#1 C:\xampp\htdocs\terceraMano\system\Database\BaseConnection.php(666): CodeIgniter\Database\MySQLi\Connection->execute('SELECT u.usuari...')
#2 C:\xampp\htdocs\terceraMano\system\Database\BaseConnection.php(593): CodeIgniter\Database\BaseConnection->simpleQuery('SELECT u.usuari...')
#3 C:\xampp\htdocs\terceraMano\app\Models\modelo.php(97): CodeIgniter\Database\BaseConnection->query('SELECT u.usuari...')
#4 C:\xampp\htdocs\terceraMano\app\Controllers\Home.php(92): App\Models\Modelo->mensajesRecibidos('2')
#5 C:\xampp\htdocs\terceraMano\system\CodeIgniter.php(927): App\Controllers\Home->infoProducto()
#6 C:\xampp\htdocs\terceraMano\system\CodeIgniter.php(482): CodeIgniter\CodeIgniter->runController(Object(App\Controllers\Home))
#7 C:\xampp\htdocs\terceraMano\system\CodeIgniter.php(351): CodeIgniter\CodeIgniter->handleRequest(NULL, Object(Config\Cache), false)
#8 C:\xampp\htdocs\terceraMano\public\index.php(67): CodeIgniter\CodeIgniter->run()
#9 {main}
CRITICAL - 2023-01-12 02:17:03 --> Table 'tercera_mano.usuario' doesn't exist
in SYSTEMPATH\Database\MySQLi\Connection.php on line 292.
 1 SYSTEMPATH\Database\MySQLi\Connection.php(292): mysqli->query('SELECT u.usuario,mensaje,fecha from mensajes m 
                join usuario u on m.cod_usuario=u.cod_usuario 
                where cod_articulo=2;', 0)
 2 SYSTEMPATH\Database\BaseConnection.php(666): CodeIgniter\Database\MySQLi\Connection->execute('SELECT u.usuario,mensaje,fecha from mensajes m 
                join usuario u on m.cod_usuario=u.cod_usuario 
                where cod_articulo=2;')
 3 SYSTEMPATH\Database\BaseConnection.php(593): CodeIgniter\Database\BaseConnection->simpleQuery('SELECT u.usuario,mensaje,fecha from mensajes m 
                join usuario u on m.cod_usuario=u.cod_usuario 
                where cod_articulo=2;')
 4 APPPATH\Models\modelo.php(97): CodeIgniter\Database\BaseConnection->query('SELECT u.usuario,mensaje,fecha from mensajes m 
                join usuario u on m.cod_usuario=u.cod_usuario 
                where cod_articulo=2;')
 5 APPPATH\Controllers\Home.php(92): App\Models\Modelo->mensajesRecibidos('2')
 6 SYSTEMPATH\CodeIgniter.php(927): App\Controllers\Home->infoProducto()
 7 SYSTEMPATH\CodeIgniter.php(482): CodeIgniter\CodeIgniter->runController(Object(App\Controllers\Home))
 8 SYSTEMPATH\CodeIgniter.php(351): CodeIgniter\CodeIgniter->handleRequest(null, Object(Config\Cache), false)
 9 FCPATH\index.php(67): CodeIgniter\CodeIgniter->run()
CRITICAL - 2023-01-12 02:17:20 --> Undefined variable $mensajeRecibido
in APPPATH\Views\vista4.php on line 44.
 1 APPPATH\Views\vista4.php(44): CodeIgniter\Debug\Exceptions->errorHandler(2, 'Undefined variable $mensajeRecibido', 'APPPATH\\Views\\vista4.php', 44)
 2 SYSTEMPATH\View\View.php(213): include('APPPATH\\Views\\vista4.php')
 3 SYSTEMPATH\View\View.php(216): CodeIgniter\View\View->CodeIgniter\View\{closure}()
 4 SYSTEMPATH\Common.php(1134): CodeIgniter\View\View->render('vista4', [], true)
 5 APPPATH\Controllers\Home.php(94): view('vista4', [...])
 6 SYSTEMPATH\CodeIgniter.php(927): App\Controllers\Home->infoProducto()
 7 SYSTEMPATH\CodeIgniter.php(482): CodeIgniter\CodeIgniter->runController(Object(App\Controllers\Home))
 8 SYSTEMPATH\CodeIgniter.php(351): CodeIgniter\CodeIgniter->handleRequest(null, Object(Config\Cache), false)
 9 FCPATH\index.php(67): CodeIgniter\CodeIgniter->run()
CRITICAL - 2023-01-12 02:26:51 --> Undefined variable $mensajesRecibidos
in APPPATH\Views\vista4.php on line 44.
 1 APPPATH\Views\vista4.php(44): CodeIgniter\Debug\Exceptions->errorHandler(2, 'Undefined variable $mensajesRecibidos', 'APPPATH\\Views\\vista4.php', 44)
 2 SYSTEMPATH\View\View.php(213): include('APPPATH\\Views\\vista4.php')
 3 SYSTEMPATH\View\View.php(216): CodeIgniter\View\View->CodeIgniter\View\{closure}()
 4 SYSTEMPATH\Common.php(1134): CodeIgniter\View\View->render('vista4', [], true)
 5 APPPATH\Controllers\Home.php(109): view('vista4', [...])
 6 SYSTEMPATH\CodeIgniter.php(927): App\Controllers\Home->modificarProducto()
 7 SYSTEMPATH\CodeIgniter.php(482): CodeIgniter\CodeIgniter->runController(Object(App\Controllers\Home))
 8 SYSTEMPATH\CodeIgniter.php(351): CodeIgniter\CodeIgniter->handleRequest(null, Object(Config\Cache), false)
 9 FCPATH\index.php(67): CodeIgniter\CodeIgniter->run()
CRITICAL - 2023-01-12 02:36:23 --> Path cannot be empty
in APPPATH\Controllers\Home.php on line 68.
 1 APPPATH\Controllers\Home.php(68): copy('ROOTPATH\\public', 'C:\\tmp\\imagen.jpg')
 2 SYSTEMPATH\CodeIgniter.php(927): App\Controllers\Home->nuevoArticulo()
 3 SYSTEMPATH\CodeIgniter.php(482): CodeIgniter\CodeIgniter->runController(Object(App\Controllers\Home))
 4 SYSTEMPATH\CodeIgniter.php(351): CodeIgniter\CodeIgniter->handleRequest(null, Object(Config\Cache), false)
 5 FCPATH\index.php(67): CodeIgniter\CodeIgniter->run()
