CRITICAL - 2023-01-19 01:23:54 --> Undefined variable $usuario
in APPPATH\Views\vista1.php on line 45.
 1 APPPATH\Views\vista1.php(45): CodeIgniter\Debug\Exceptions->errorHandler(2, 'Undefined variable $usuario', 'APPPATH\\Views\\vista1.php', 45)
 2 SYSTEMPATH\View\View.php(213): include('APPPATH\\Views\\vista1.php')
 3 SYSTEMPATH\View\View.php(216): CodeIgniter\View\View->CodeIgniter\View\{closure}()
 4 SYSTEMPATH\Common.php(1134): CodeIgniter\View\View->render('vista1', [], true)
 5 APPPATH\Controllers\Home.php(35): view('vista1', [...])
 6 SYSTEMPATH\CodeIgniter.php(927): App\Controllers\Home->filtrarCategorias()
 7 SYSTEMPATH\CodeIgniter.php(482): CodeIgniter\CodeIgniter->runController(Object(App\Controllers\Home))
 8 SYSTEMPATH\CodeIgniter.php(351): CodeIgniter\CodeIgniter->handleRequest(null, Object(Config\Cache), false)
 9 FCPATH\index.php(67): CodeIgniter\CodeIgniter->run()
CRITICAL - 2023-01-19 01:24:00 --> Undefined variable $usuario
in APPPATH\Views\vista1.php on line 45.
 1 APPPATH\Views\vista1.php(45): CodeIgniter\Debug\Exceptions->errorHandler(2, 'Undefined variable $usuario', 'APPPATH\\Views\\vista1.php', 45)
 2 SYSTEMPATH\View\View.php(213): include('APPPATH\\Views\\vista1.php')
 3 SYSTEMPATH\View\View.php(216): CodeIgniter\View\View->CodeIgniter\View\{closure}()
 4 SYSTEMPATH\Common.php(1134): CodeIgniter\View\View->render('vista1', [], true)
 5 APPPATH\Controllers\Home.php(35): view('vista1', [...])
 6 SYSTEMPATH\CodeIgniter.php(927): App\Controllers\Home->filtrarCategorias()
 7 SYSTEMPATH\CodeIgniter.php(482): CodeIgniter\CodeIgniter->runController(Object(App\Controllers\Home))
 8 SYSTEMPATH\CodeIgniter.php(351): CodeIgniter\CodeIgniter->handleRequest(null, Object(Config\Cache), false)
 9 FCPATH\index.php(67): CodeIgniter\CodeIgniter->run()
CRITICAL - 2023-01-19 02:00:48 --> session_regenerate_id(): Session ID cannot be regenerated when there is no active session
in SYSTEMPATH\Session\Session.php on line 273.
 1 [internal function]: CodeIgniter\Debug\Exceptions->errorHandler(2, 'session_regenerate_id(): Session ID cannot be regenerated when there is no active session', 'SYSTEMPATH\\Session\\Session.php', 273)
 2 SYSTEMPATH\Session\Session.php(273): session_regenerate_id(true)
 3 APPPATH\Controllers\Home.php(169): CodeIgniter\Session\Session->stop()
 4 SYSTEMPATH\CodeIgniter.php(927): App\Controllers\Home->cerrarSesion()
 5 SYSTEMPATH\CodeIgniter.php(482): CodeIgniter\CodeIgniter->runController(Object(App\Controllers\Home))
 6 SYSTEMPATH\CodeIgniter.php(351): CodeIgniter\CodeIgniter->handleRequest(null, Object(Config\Cache), false)
 7 FCPATH\index.php(67): CodeIgniter\CodeIgniter->run()
CRITICAL - 2023-01-19 02:01:04 --> session_regenerate_id(): Session ID cannot be regenerated when there is no active session
in SYSTEMPATH\Session\Session.php on line 273.
 1 [internal function]: CodeIgniter\Debug\Exceptions->errorHandler(2, 'session_regenerate_id(): Session ID cannot be regenerated when there is no active session', 'SYSTEMPATH\\Session\\Session.php', 273)
 2 SYSTEMPATH\Session\Session.php(273): session_regenerate_id(true)
 3 APPPATH\Controllers\Home.php(169): CodeIgniter\Session\Session->stop()
 4 SYSTEMPATH\CodeIgniter.php(927): App\Controllers\Home->cerrarSesion()
 5 SYSTEMPATH\CodeIgniter.php(482): CodeIgniter\CodeIgniter->runController(Object(App\Controllers\Home))
 6 SYSTEMPATH\CodeIgniter.php(351): CodeIgniter\CodeIgniter->handleRequest(null, Object(Config\Cache), false)
 7 FCPATH\index.php(67): CodeIgniter\CodeIgniter->run()
CRITICAL - 2023-01-19 02:01:44 --> session_regenerate_id(): Session ID cannot be regenerated when there is no active session
in SYSTEMPATH\Session\Session.php on line 273.
 1 [internal function]: CodeIgniter\Debug\Exceptions->errorHandler(2, 'session_regenerate_id(): Session ID cannot be regenerated when there is no active session', 'SYSTEMPATH\\Session\\Session.php', 273)
 2 SYSTEMPATH\Session\Session.php(273): session_regenerate_id(true)
 3 APPPATH\Controllers\Home.php(169): CodeIgniter\Session\Session->stop()
 4 SYSTEMPATH\CodeIgniter.php(927): App\Controllers\Home->cerrarSesion()
 5 SYSTEMPATH\CodeIgniter.php(482): CodeIgniter\CodeIgniter->runController(Object(App\Controllers\Home))
 6 SYSTEMPATH\CodeIgniter.php(351): CodeIgniter\CodeIgniter->handleRequest(null, Object(Config\Cache), false)
 7 FCPATH\index.php(67): CodeIgniter\CodeIgniter->run()
CRITICAL - 2023-01-19 02:19:04 --> Undefined variable $sesion
in APPPATH\Views\vista1.php on line 45.
 1 APPPATH\Views\vista1.php(45): CodeIgniter\Debug\Exceptions->errorHandler(2, 'Undefined variable $sesion', 'APPPATH\\Views\\vista1.php', 45)
 2 SYSTEMPATH\View\View.php(213): include('APPPATH\\Views\\vista1.php')
 3 SYSTEMPATH\View\View.php(216): CodeIgniter\View\View->CodeIgniter\View\{closure}()
 4 SYSTEMPATH\Common.php(1134): CodeIgniter\View\View->render('vista1', [], true)
 5 APPPATH\Controllers\Home.php(43): view('vista1', [...])
 6 SYSTEMPATH\CodeIgniter.php(927): App\Controllers\Home->filtrarCategorias()
 7 SYSTEMPATH\CodeIgniter.php(482): CodeIgniter\CodeIgniter->runController(Object(App\Controllers\Home))
 8 SYSTEMPATH\CodeIgniter.php(351): CodeIgniter\CodeIgniter->handleRequest(null, Object(Config\Cache), false)
 9 FCPATH\index.php(67): CodeIgniter\CodeIgniter->run()
CRITICAL - 2023-01-19 02:21:05 --> Undefined variable $sesion
in APPPATH\Views\vista1.php on line 45.
 1 APPPATH\Views\vista1.php(45): CodeIgniter\Debug\Exceptions->errorHandler(2, 'Undefined variable $sesion', 'APPPATH\\Views\\vista1.php', 45)
 2 SYSTEMPATH\View\View.php(213): include('APPPATH\\Views\\vista1.php')
 3 SYSTEMPATH\View\View.php(216): CodeIgniter\View\View->CodeIgniter\View\{closure}()
 4 SYSTEMPATH\Common.php(1134): CodeIgniter\View\View->render('vista1', [], true)
 5 APPPATH\Controllers\Home.php(44): view('vista1', [...])
 6 SYSTEMPATH\CodeIgniter.php(927): App\Controllers\Home->filtrarCategorias()
 7 SYSTEMPATH\CodeIgniter.php(482): CodeIgniter\CodeIgniter->runController(Object(App\Controllers\Home))
 8 SYSTEMPATH\CodeIgniter.php(351): CodeIgniter\CodeIgniter->handleRequest(null, Object(Config\Cache), false)
 9 FCPATH\index.php(67): CodeIgniter\CodeIgniter->run()
CRITICAL - 2023-01-19 02:57:09 --> Call to undefined method CodeIgniter\Session\Session::isset()
in APPPATH\Views\vista1.php on line 45.
 1 SYSTEMPATH\View\View.php(213): include()
 2 SYSTEMPATH\View\View.php(216): CodeIgniter\View\View->CodeIgniter\View\{closure}()
 3 SYSTEMPATH\Common.php(1134): CodeIgniter\View\View->render('vista1', [], true)
 4 APPPATH\Controllers\Home.php(24): view('vista1', [...])
 5 APPPATH\Controllers\Home.php(172): App\Controllers\Home->index()
 6 SYSTEMPATH\CodeIgniter.php(927): App\Controllers\Home->cerrarSesion()
 7 SYSTEMPATH\CodeIgniter.php(482): CodeIgniter\CodeIgniter->runController(Object(App\Controllers\Home))
 8 SYSTEMPATH\CodeIgniter.php(351): CodeIgniter\CodeIgniter->handleRequest(null, Object(Config\Cache), false)
 9 FCPATH\index.php(67): CodeIgniter\CodeIgniter->run()
